0 info it worked if it ends with ok
1 verbose cli [ '/usr/local/bin/node',
1 verbose cli   '/Users/judantas/Projects/mentoria/node_modules/.bin/npm',
1 verbose cli   'run',
1 verbose cli   'start:api' ]
2 info using npm@2.15.12
3 info using node@v11.6.0
4 warn invalid config loglevel="notice"
5 verbose run-script [ 'prestart:api', 'start:api', 'poststart:api' ]
6 info prestart:api mentoria@1.0.0
7 info start:api mentoria@1.0.0
8 verbose unsafe-perm in lifecycle true
9 info mentoria@1.0.0 Failed to exec start:api script
10 verbose stack Error: mentoria@1.0.0 start:api: `cd json-server && json-server api.json`
10 verbose stack Exit status 1
10 verbose stack     at EventEmitter.<anonymous> (/Users/judantas/Projects/mentoria/node_modules/npm/lib/utils/lifecycle.js:217:16)
10 verbose stack     at EventEmitter.emit (events.js:188:13)
10 verbose stack     at ChildProcess.<anonymous> (/Users/judantas/Projects/mentoria/node_modules/npm/lib/utils/spawn.js:24:14)
10 verbose stack     at ChildProcess.emit (events.js:188:13)
10 verbose stack     at maybeClose (internal/child_process.js:978:16)
10 verbose stack     at Process.ChildProcess._handle.onexit (internal/child_process.js:265:5)
11 verbose pkgid mentoria@1.0.0
12 verbose cwd /Users/judantas/Projects/mentoria
13 error Darwin 17.7.0
14 error argv "/usr/local/bin/node" "/Users/judantas/Projects/mentoria/node_modules/.bin/npm" "run" "start:api"
15 error node v11.6.0
16 error npm  v2.15.12
17 error code ELIFECYCLE
18 error mentoria@1.0.0 start:api: `cd json-server && json-server api.json`
18 error Exit status 1
19 error Failed at the mentoria@1.0.0 start:api script 'cd json-server && json-server api.json'.
19 error This is most likely a problem with the mentoria package,
19 error not with npm itself.
19 error Tell the author that this fails on your system:
19 error     cd json-server && json-server api.json
19 error You can get information on how to open an issue for this project with:
19 error     npm bugs mentoria
19 error Or if that isn't available, you can get their info via:
19 error
19 error     npm owner ls mentoria
19 error There is likely additional logging output above.
20 verbose exit [ 1, true ]
